<?xml version="1.0" encoding="UTF-8"?>
<!-- Generated by org.testng.reporters.JUnitXMLReporter -->
<testsuite ignored="0" hostname="LAPTOP-PJ7L08O1" failures="0" tests="2" name="Click An Item And Verify Elements" time="25.646" errors="0" timestamp="2022-11-21T16:40:34 EST">
  <testcase classname="AmazonTesting.AmazonItem" name="averifyUserReviewsFunctionality" time="13.137"/>
  <testcase classname="AmazonTesting.AmazonItem" name="verifyItemSearchAndTitle" time="12.013"/>
</testsuite> <!-- Click An Item And Verify Elements -->
