<?xml version="1.0" encoding="UTF-8"?>
<!-- Generated by org.testng.reporters.JUnitXMLReporter -->
<testsuite ignored="0" hostname="LAPTOP-PJ7L08O1" failures="1" tests="1" name="Click An Item And Verify ELements" time="10050.922" errors="0" timestamp="2022-11-10T14:48:55 EST">
  <testcase classname="AmazonTesting.AmazonItem" name="@AfterTest testCleanUp" time="32.632">
    <failure type="org.openqa.selenium.WebDriverException" message="disconnected: unable to connect to renderer
  (failed to check if window was closed: disconnected: unable to connect to renderer)
  (Session info: chrome=107.0.5304.88)
Build info: version: &amp;apos;4.1.4&amp;apos;, revision: &amp;apos;535d840ee2&amp;apos;
System info: host: &amp;apos;LAPTOP-PJ7L08O1&amp;apos;, ip: &amp;apos;192.168.0.181&amp;apos;, os.name: &amp;apos;Windows 10&amp;apos;, os.arch: &amp;apos;amd64&amp;apos;, os.version: &amp;apos;10.0&amp;apos;, java.version: &amp;apos;17.0.2&amp;apos;
Driver info: org.openqa.selenium.chrome.ChromeDriver
Command: [4151342e17a36f3b24b31be9bafeb604, close {}]
Capabilities {acceptInsecureCerts: false, browserName: chrome, browserVersion: 107.0.5304.88, chrome: {chromedriverVersion: 106.0.5249.61 (511755355844..., userDataDir: C:\Users\lordr\AppData\Loca...}, goog:chromeOptions: {debuggerAddress: localhost:58584}, javascriptEnabled: true, networkConnectionEnabled: false, pageLoadStrategy: normal, platform: WINDOWS, platformName: WINDOWS, proxy: Proxy(), se:cdp: ws://localhost:58584/devtoo..., se:cdpVersion: 107.0.5304.88, setWindowRect: true, strictFileInteractability: false, timeouts: {implicit: 0, pageLoad: 300000, script: 30000}, unhandledPromptBehavior: dismiss and notify, webauthn:extension:credBlob: true, webauthn:extension:largeBlob: true, webauthn:virtualAuthenticators: true}
Session ID: 4151342e17a36f3b24b31be9bafeb604">
      <![CDATA[org.openqa.selenium.WebDriverException: disconnected: unable to connect to renderer
  (failed to check if window was closed: disconnected: unable to connect to renderer)
  (Session info: chrome=107.0.5304.88)
Build info: version: '4.1.4', revision: '535d840ee2'
System info: host: 'LAPTOP-PJ7L08O1', ip: '192.168.0.181', os.name: 'Windows 10', os.arch: 'amd64', os.version: '10.0', java.version: '17.0.2'
Driver info: org.openqa.selenium.chrome.ChromeDriver
Command: [4151342e17a36f3b24b31be9bafeb604, close {}]
Capabilities {acceptInsecureCerts: false, browserName: chrome, browserVersion: 107.0.5304.88, chrome: {chromedriverVersion: 106.0.5249.61 (511755355844..., userDataDir: C:\Users\lordr\AppData\Loca...}, goog:chromeOptions: {debuggerAddress: localhost:58584}, javascriptEnabled: true, networkConnectionEnabled: false, pageLoadStrategy: normal, platform: WINDOWS, platformName: WINDOWS, proxy: Proxy(), se:cdp: ws://localhost:58584/devtoo..., se:cdpVersion: 107.0.5304.88, setWindowRect: true, strictFileInteractability: false, timeouts: {implicit: 0, pageLoad: 300000, script: 30000}, unhandledPromptBehavior: dismiss and notify, webauthn:extension:credBlob: true, webauthn:extension:largeBlob: true, webauthn:virtualAuthenticators: true}
Session ID: 4151342e17a36f3b24b31be9bafeb604
at org.openqa.selenium.remote.codec.w3c.W3CHttpResponseCodec.createException(W3CHttpResponseCodec.java:200)
at org.openqa.selenium.remote.codec.w3c.W3CHttpResponseCodec.decode(W3CHttpResponseCodec.java:133)
at org.openqa.selenium.remote.codec.w3c.W3CHttpResponseCodec.decode(W3CHttpResponseCodec.java:53)
at org.openqa.selenium.remote.HttpCommandExecutor.execute(HttpCommandExecutor.java:184)
at org.openqa.selenium.remote.service.DriverCommandExecutor.invokeExecute(DriverCommandExecutor.java:167)
at org.openqa.selenium.remote.service.DriverCommandExecutor.execute(DriverCommandExecutor.java:142)
at org.openqa.selenium.remote.RemoteWebDriver.execute(RemoteWebDriver.java:567)
at org.openqa.selenium.remote.RemoteWebDriver.execute(RemoteWebDriver.java:622)
at org.openqa.selenium.remote.RemoteWebDriver.execute(RemoteWebDriver.java:626)
at org.openqa.selenium.remote.RemoteWebDriver.close(RemoteWebDriver.java:452)
at AmazonTesting.AmazonItem.testCleanUp(AmazonItem.java:75)
... Removed 29 stack frames]]>
    </failure>
  </testcase> <!-- @AfterTest testCleanUp -->
  <testcase classname="AmazonTesting.AmazonItem" name="verifyAddRemoveElements" time="10018.056">
    <failure type="java.lang.AssertionError" message="expected [https://www.amazon.com/sspa/click?ie=UTF8&amp;amp;spc=MTo1NDI1OTgwNjM2ODAzNTE3OjE2NjgwOTk2OTI6c3BfYXRmOjIwMDA2NjEyNzcwNzQ5ODo6MDo6&amp;amp;sp_csd=d2lkZ2V0TmFtZT1zcF9hdGY&amp;amp;url=%2FBburago-Ferrari-488TGB-Diecast-Model%2Fdp%2FB09Y8LR8RQ%2Fref%3Dsr_1_1_sspa%3Fcrid%3D217T16EOZHY3P%26keywords%3D1%253A24%2BDiecast%26qid%3D1668099692%26sprefix%3D1%252Caps%252C230%26sr%3D8-1-spons%26psc%3D1%26smid%3DAR79RHBHNW7BE] but found [https://www.amazon.com/Bburago-Ferrari-488TGB-Diecast-Model/dp/B09Y8LR8RQ/ref=sr_1_1_sspa?crid=217T16EOZHY3P&amp;amp;keywords=1%3A24+Diecast&amp;amp;qid=1668099692&amp;amp;sprefix=1%2Caps%2C230&amp;amp;sr=8-1-spons&amp;amp;psc=1&amp;amp;smid=AR79RHBHNW7BE]">
      <![CDATA[java.lang.AssertionError: expected [https://www.amazon.com/sspa/click?ie=UTF8&spc=MTo1NDI1OTgwNjM2ODAzNTE3OjE2NjgwOTk2OTI6c3BfYXRmOjIwMDA2NjEyNzcwNzQ5ODo6MDo6&sp_csd=d2lkZ2V0TmFtZT1zcF9hdGY&url=%2FBburago-Ferrari-488TGB-Diecast-Model%2Fdp%2FB09Y8LR8RQ%2Fref%3Dsr_1_1_sspa%3Fcrid%3D217T16EOZHY3P%26keywords%3D1%253A24%2BDiecast%26qid%3D1668099692%26sprefix%3D1%252Caps%252C230%26sr%3D8-1-spons%26psc%3D1%26smid%3DAR79RHBHNW7BE] but found [https://www.amazon.com/Bburago-Ferrari-488TGB-Diecast-Model/dp/B09Y8LR8RQ/ref=sr_1_1_sspa?crid=217T16EOZHY3P&keywords=1%3A24+Diecast&qid=1668099692&sprefix=1%2Caps%2C230&sr=8-1-spons&psc=1&smid=AR79RHBHNW7BE]
at AmazonTesting.AmazonItem.verifyAddRemoveElements(AmazonItem.java:65)
at java.base/java.util.ArrayList.forEach(ArrayList.java:1511)
... Removed 33 stack frames]]>
    </failure>
  </testcase> <!-- verifyAddRemoveElements -->
</testsuite> <!-- Click An Item And Verify ELements -->
