<?xml version="1.0" encoding="UTF-8"?>
<!-- Generated by org.testng.reporters.JUnitXMLReporter -->
<testsuite ignored="0" hostname="LAPTOP-PJ7L08O1" failures="0" tests="2" name="Click An Item And Verify Elements" time="29.428" errors="0" timestamp="2022-11-15T20:38:36 EST">
  <testcase classname="AmazonTesting.AmazonItem" name="averifyUserReviewsFunctionality" time="14.387"/>
  <testcase classname="AmazonTesting.AmazonItem" name="verifyItemSearchAndTitle" time="14.276"/>
</testsuite> <!-- Click An Item And Verify Elements -->
