<?xml version="1.0" encoding="UTF-8"?>
<!-- Generated by org.testng.reporters.JUnitXMLReporter -->
<testsuite ignored="0" hostname="LAPTOP-PJ7L08O1" failures="1" tests="1" name="Navigate Best Seller Carousel" time="5.026" errors="0" timestamp="2022-11-18T22:34:42 EST">
  <testcase classname="AmazonBestSellers.bestSellerCarousel" name="verifyBestSellerCarousel" time="3.203">
    <failure type="java.lang.AssertionError" message="null">
      <![CDATA[java.lang.AssertionError: null
at AmazonBestSellers.bestSellerCarousel.verifyBestSellerCarousel(bestSellerCarousel.java:50)
at java.base/java.util.ArrayList.forEach(ArrayList.java:1511)
... Removed 27 stack frames]]>
    </failure>
  </testcase> <!-- verifyBestSellerCarousel -->
</testsuite> <!-- Navigate Best Seller Carousel -->
